Training Log: score_model_20250622_2239.pth
================================================

Training Data
------------
  Heat '1Zj_jAPToxI': 8 video-score pairs
  Heat 'kl6bwSUqUw4': 15 video-score pairs
  Heat '_Lwdbce6a4E': 10 video-score pairs

Configuration
------------
Mode: dev
Machine: macOS Mac15,13
Model: CLIP-base
Batch size: 1
Learning rate: 0.01
Number of epochs: 1
Loss function: MSE
Backbone frozen: True
Use scheduler: True
Scheduler factor: 0.5
Scheduler patience: 1

Training Progress
----------------
Total training time: 0h 0m 16.7s

Epoch Results
-------------
 Epoch       Loss         Time   Cumulative
------------------------------------------
     1    30.1624  0h 0m 16.7s  0h 0m 16.7s

Final Results
------------
Final loss: 30.1624
Random guessing baseline (MSE): 5.0000
Improvement over random: -503.2%

Inference Notes
-------------

