Training Log: score_model_20250622_1936.pth
================================================

Configuration
------------
Mode: prod
Model: SCORE-base
Batch size: 32
Learning rate: 0.005
Number of epochs: 20
Loss function: MSE
Backbone frozen: True

Training Progress
----------------
Total training time: 0h 16m 43.8s

Epoch Results
-------------
 Epoch       Loss         Time   Cumulative
------------------------------------------
     1    24.9165  0h 1m 33.3s  0h 1m 33.3s
     2    32.3334  0h 1m 29.6s   0h 3m 2.9s
     3    29.2050  0h 1m 30.5s  0h 4m 33.4s
     4    29.2836  0h 1m 31.2s   0h 6m 4.6s
     5    29.8160  0h 1m 30.0s  0h 7m 34.6s
     6    27.9554  0h 1m 32.3s   0h 9m 6.8s
     7    27.6479  0h 1m 31.2s 0h 10m 38.1s
     8    30.0727  0h 1m 31.9s 0h 12m 10.0s
     9    30.1735  0h 1m 31.8s 0h 13m 41.8s
    10    28.9930  0h 1m 31.8s 0h 15m 13.6s
    11    30.3342  0h 1m 30.2s 0h 16m 43.8s

Final Results
------------
Final loss: 30.3342
Random guessing baseline (MSE): 5.0000
Improvement over random: -506.7%

Inference Notes
-------------
Disabled the learning rate scheduler and model losses are still bad...
something's wrong and I'm not sure what.
